<?xml version="1.0" encoding="utf-8"?>
<coverage line-rate="0.5631" branch-rate="0.6291" version="1.9" timestamp="1754211064" lines-covered="999" lines-valid="1774" branches-covered="190" branches-valid="302">
  <sources>
    <source>C:\Users\Sasha-Luda\source\repos\Domain\</source>
  </sources>
  <packages>
    <package name="Domain" line-rate="0.8" branch-rate="0.6772" complexity="231">
      <classes>
        <class name="DomainException" filename="Domain\domainexceptions\DomainException.cs" line-rate="1" branch-rate="1" complexity="7">
          <methods>
            <method name="get_ErrorCode" signature="()" line-rate="1" branch-rate="1" complexity="1">
              <lines>
                <line number="3" hits="9" branch="False" />
              </lines>
            </method>
            <method name="get_Field" signature="()" line-rate="1" branch-rate="1" complexity="1">
              <lines>
                <line number="4" hits="12" branch="False" />
              </lines>
            </method>
            <method name="get_Value" signature="()" line-rate="1" branch-rate="1" complexity="1">
              <lines>
                <line number="5" hits="8" branch="False" />
              </lines>
            </method>
            <method name="ToLogObject" signature="()" line-rate="1" branch-rate="1" complexity="1">
              <lines>
                <line number="24" hits="1" branch="False" />
                <line number="25" hits="1" branch="False" />
                <line number="26" hits="1" branch="False" />
                <line number="27" hits="1" branch="False" />
                <line number="28" hits="1" branch="False" />
                <line number="29" hits="1" branch="False" />
                <line number="30" hits="1" branch="False" />
                <line number="31" hits="1" branch="False" />
                <line number="32" hits="1" branch="False" />
                <line number="33" hits="1" branch="False" />
              </lines>
            </method>
            <method name="ToString" signature="()" line-rate="1" branch-rate="1" complexity="2">
              <lines>
                <line number="36" hits="4" branch="False" />
                <line number="37" hits="4" branch="True" condition-coverage="100% (2/2)">
                  <conditions>
                    <condition number="49" type="jump" coverage="100%" />
                  </conditions>
                </line>
                <line number="38" hits="4" branch="False" />
              </lines>
            </method>
            <method name=".ctor" signature="(System.String,System.String,System.String,System.Object,System.Exception)" line-rate="1" branch-rate="1" complexity="1">
              <lines>
                <line number="13" hits="72" branch="False" />
                <line number="14" hits="72" branch="False" />
                <line number="15" hits="72" branch="False" />
                <line number="16" hits="72" branch="False" />
                <line number="17" hits="72" branch="False" />
                <line number="18" hits="72" branch="False" />
              </lines>
            </method>
          </methods>
          <lines>
            <line number="3" hits="9" branch="False" />
            <line number="4" hits="12" branch="False" />
            <line number="5" hits="8" branch="False" />
            <line number="24" hits="1" branch="False" />
            <line number="25" hits="1" branch="False" />
            <line number="26" hits="1" branch="False" />
            <line number="27" hits="1" branch="False" />
            <line number="28" hits="1" branch="False" />
            <line number="29" hits="1" branch="False" />
            <line number="30" hits="1" branch="False" />
            <line number="31" hits="1" branch="False" />
            <line number="32" hits="1" branch="False" />
            <line number="33" hits="1" branch="False" />
            <line number="36" hits="4" branch="False" />
            <line number="37" hits="4" branch="True" condition-coverage="100% (2/2)">
              <conditions>
                <condition number="49" type="jump" coverage="100%" />
              </conditions>
            </line>
            <line number="38" hits="4" branch="False" />
            <line number="13" hits="72" branch="False" />
            <line number="14" hits="72" branch="False" />
            <line number="15" hits="72" branch="False" />
            <line number="16" hits="72" branch="False" />
            <line number="17" hits="72" branch="False" />
            <line number="18" hits="72" branch="False" />
          </lines>
        </class>
        <class name="ARM4.Domain.ValueObjects.BarcodeVO" filename="Domain\valueobjects\BarcodeVO.cs" line-rate="1" branch-rate="1" complexity="13">
          <methods>
            <method name="get_Value" signature="()" line-rate="1" branch-rate="1" complexity="1">
              <lines>
                <line number="15" hits="30528" branch="False" />
              </lines>
            </method>
            <method name="ToString" signature="()" line-rate="1" branch-rate="1" complexity="1">
              <lines>
                <line number="37" hits="3" branch="False" />
              </lines>
            </method>
            <method name="Equals" signature="(System.Object)" line-rate="1" branch-rate="1" complexity="1">
              <lines>
                <line number="39" hits="6" branch="False" />
              </lines>
            </method>
            <method name="Equals" signature="(ARM4.Domain.ValueObjects.BarcodeVO)" line-rate="1" branch-rate="1" complexity="2">
              <lines>
                <line number="43" hits="8" branch="True" condition-coverage="100% (2/2)">
                  <conditions>
                    <condition number="1" type="jump" coverage="100%" />
                  </conditions>
                </line>
              </lines>
            </method>
            <method name="GetHashCode" signature="()" line-rate="1" branch-rate="1" complexity="1">
              <lines>
                <line number="45" hits="2" branch="False" />
              </lines>
            </method>
            <method name="op_Equality" signature="(ARM4.Domain.ValueObjects.BarcodeVO,ARM4.Domain.ValueObjects.BarcodeVO)" line-rate="1" branch-rate="1" complexity="1">
              <lines>
                <line number="47" hits="2" branch="False" />
              </lines>
            </method>
            <method name="op_Inequality" signature="(ARM4.Domain.ValueObjects.BarcodeVO,ARM4.Domain.ValueObjects.BarcodeVO)" line-rate="1" branch-rate="1" complexity="1">
              <lines>
                <line number="48" hits="30544" branch="False" />
              </lines>
            </method>
            <method name=".ctor" signature="(System.String)" line-rate="1" branch-rate="1" complexity="4">
              <lines>
                <line number="27" hits="61045" branch="False" />
                <line number="28" hits="61045" branch="False" />
                <line number="29" hits="61045" branch="True" condition-coverage="100% (2/2)">
                  <conditions>
                    <condition number="16" type="jump" coverage="100%" />
                  </conditions>
                </line>
                <line number="30" hits="3" branch="False" />
                <line number="31" hits="61042" branch="True" condition-coverage="100% (2/2)">
                  <conditions>
                    <condition number="50" type="jump" coverage="100%" />
                  </conditions>
                </line>
                <line number="32" hits="25" branch="False" />
                <line number="34" hits="61017" branch="False" />
                <line number="35" hits="61017" branch="False" />
              </lines>
            </method>
            <method name=".cctor" signature="()" line-rate="1" branch-rate="1" complexity="1">
              <lines>
                <line number="20" hits="1" branch="False" />
              </lines>
            </method>
          </methods>
          <lines>
            <line number="15" hits="30528" branch="False" />
            <line number="37" hits="3" branch="False" />
            <line number="39" hits="6" branch="False" />
            <line number="43" hits="8" branch="True" condition-coverage="100% (2/2)">
              <conditions>
                <condition number="1" type="jump" coverage="100%" />
              </conditions>
            </line>
            <line number="45" hits="2" branch="False" />
            <line number="47" hits="2" branch="False" />
            <line number="48" hits="30544" branch="False" />
            <line number="27" hits="61045" branch="False" />
            <line number="28" hits="61045" branch="False" />
            <line number="29" hits="61045" branch="True" condition-coverage="100% (2/2)">
              <conditions>
                <condition number="16" type="jump" coverage="100%" />
              </conditions>
            </line>
            <line number="30" hits="3" branch="False" />
            <line number="31" hits="61042" branch="True" condition-coverage="100% (2/2)">
              <conditions>
                <condition number="50" type="jump" coverage="100%" />
              </conditions>
            </line>
            <line number="32" hits="25" branch="False" />
            <line number="34" hits="61017" branch="False" />
            <line number="35" hits="61017" branch="False" />
            <line number="20" hits="1" branch="False" />
          </lines>
        </class>
        <class name="ARM4.Domain.Entities.Product" filename="Domain\entities\Product.cs" line-rate="0.8759999999999999" branch-rate="0.8823000000000001" complexity="93">
          <methods>
            <method name="GenerateGuid" signature="()" line-rate="1" branch-rate="1" complexity="1">
              <lines>
                <line number="83" hits="30535" branch="False" />
              </lines>
            </method>
            <method name="GenerateDisplayCode" signature="()" line-rate="1" branch-rate="1" complexity="1">
              <lines>
                <line number="87" hits="30551" branch="False" />
                <line number="88" hits="30551" branch="False" />
                <line number="89" hits="30551" branch="False" />
                <line number="90" hits="30551" branch="False" />
                <line number="91" hits="30551" branch="False" />
                <line number="92" hits="30551" branch="False" />
              </lines>
            </method>
            <method name="GetId" signature="()" line-rate="1" branch-rate="1" complexity="1">
              <lines>
                <line number="96" hits="28" branch="False" />
              </lines>
            </method>
            <method name="GetDisplayCode" signature="()" line-rate="1" branch-rate="1" complexity="1">
              <lines>
                <line number="97" hits="3" branch="False" />
              </lines>
            </method>
            <method name="GetName" signature="()" line-rate="1" branch-rate="1" complexity="1">
              <lines>
                <line number="98" hits="25" branch="False" />
              </lines>
            </method>
            <method name="GetCategory" signature="()" line-rate="1" branch-rate="1" complexity="1">
              <lines>
                <line number="99" hits="2" branch="False" />
              </lines>
            </method>
            <method name="GetWholesalePrice" signature="()" line-rate="1" branch-rate="1" complexity="1">
              <lines>
                <line number="100" hits="2" branch="False" />
              </lines>
            </method>
            <method name="GetSalePrice" signature="()" line-rate="1" branch-rate="1" complexity="1">
              <lines>
                <line number="101" hits="2" branch="False" />
              </lines>
            </method>
            <method name="GetQuantity" signature="()" line-rate="1" branch-rate="1" complexity="1">
              <lines>
                <line number="102" hits="5" branch="False" />
              </lines>
            </method>
            <method name="GetBarcode" signature="()" line-rate="1" branch-rate="1" complexity="1">
              <lines>
                <line number="103" hits="6" branch="False" />
              </lines>
            </method>
            <method name="GetProductUnit" signature="()" line-rate="1" branch-rate="1" complexity="1">
              <lines>
                <line number="104" hits="3" branch="False" />
              </lines>
            </method>
            <method name="GetSupplier" signature="()" line-rate="1" branch-rate="1" complexity="1">
              <lines>
                <line number="105" hits="3" branch="False" />
              </lines>
            </method>
            <method name="GetManufacturer" signature="()" line-rate="1" branch-rate="1" complexity="1">
              <lines>
                <line number="106" hits="3" branch="False" />
              </lines>
            </method>
            <method name="GetArrivalDate" signature="()" line-rate="1" branch-rate="1" complexity="1">
              <lines>
                <line number="107" hits="4" branch="False" />
              </lines>
            </method>
            <method name="GetExpirationDate" signature="()" line-rate="1" branch-rate="1" complexity="1">
              <lines>
                <line number="108" hits="3" branch="False" />
              </lines>
            </method>
            <method name="GetIsDeleted" signature="()" line-rate="1" branch-rate="1" complexity="1">
              <lines>
                <line number="109" hits="2" branch="False" />
              </lines>
            </method>
            <method name="GetIsArchived" signature="()" line-rate="1" branch-rate="1" complexity="1">
              <lines>
                <line number="110" hits="2" branch="False" />
              </lines>
            </method>
            <method name="get_RowVersion" signature="()" line-rate="0" branch-rate="1" complexity="1">
              <lines>
                <line number="113" hits="0" branch="False" />
              </lines>
            </method>
            <method name="set_RowVersion" signature="(System.Byte[])" line-rate="0" branch-rate="1" complexity="1">
              <lines>
                <line number="114" hits="0" branch="False" />
              </lines>
            </method>
            <method name="SetName" signature="(System.String)" line-rate="1" branch-rate="1" complexity="4">
              <lines>
                <line number="118" hits="61097" branch="False" />
                <line number="119" hits="61097" branch="True" condition-coverage="100% (2/2)">
                  <conditions>
                    <condition number="16" type="jump" coverage="100%" />
                  </conditions>
                </line>
                <line number="120" hits="1" branch="False" />
                <line number="121" hits="1" branch="False" />
                <line number="122" hits="1" branch="False" />
                <line number="123" hits="1" branch="False" />
                <line number="124" hits="1" branch="False" />
                <line number="125" hits="61096" branch="True" condition-coverage="100% (2/2)">
                  <conditions>
                    <condition number="45" type="jump" coverage="100%" />
                  </conditions>
                </line>
                <line number="126" hits="3" branch="False" />
                <line number="127" hits="3" branch="False" />
                <line number="128" hits="3" branch="False" />
                <line number="129" hits="3" branch="False" />
                <line number="130" hits="3" branch="False" />
                <line number="131" hits="61093" branch="False" />
                <line number="132" hits="61093" branch="False" />
              </lines>
            </method>
            <method name="SetCategory" signature="(System.String)" line-rate="1" branch-rate="1" complexity="4">
              <lines>
                <line number="135" hits="61096" branch="False" />
                <line number="136" hits="61096" branch="True" condition-coverage="100% (2/2)">
                  <conditions>
                    <condition number="16" type="jump" coverage="100%" />
                  </conditions>
                </line>
                <line number="137" hits="1" branch="False" />
                <line number="138" hits="1" branch="False" />
                <line number="139" hits="1" branch="False" />
                <line number="140" hits="1" branch="False" />
                <line number="141" hits="1" branch="False" />
                <line number="142" hits="61095" branch="True" condition-coverage="100% (2/2)">
                  <conditions>
                    <condition number="45" type="jump" coverage="100%" />
                  </conditions>
                </line>
                <line number="143" hits="3" branch="False" />
                <line number="144" hits="3" branch="False" />
                <line number="145" hits="3" branch="False" />
                <line number="146" hits="3" branch="False" />
                <line number="147" hits="3" branch="False" />
                <line number="148" hits="61092" branch="False" />
                <line number="149" hits="61092" branch="False" />
              </lines>
            </method>
            <method name="SetWholesalePrice" signature="(System.Decimal)" line-rate="0.6666" branch-rate="0.75" complexity="4">
              <lines>
                <line number="152" hits="61094" branch="False" />
                <line number="153" hits="61094" branch="True" condition-coverage="100% (2/2)">
                  <conditions>
                    <condition number="14" type="jump" coverage="100%" />
                  </conditions>
                </line>
                <line number="154" hits="2" branch="False" />
                <line number="155" hits="2" branch="False" />
                <line number="156" hits="2" branch="False" />
                <line number="157" hits="2" branch="False" />
                <line number="158" hits="2" branch="False" />
                <line number="159" hits="61092" branch="True" condition-coverage="50% (1/2)">
                  <conditions>
                    <condition number="58" type="jump" coverage="50%" />
                  </conditions>
                </line>
                <line number="160" hits="0" branch="False" />
                <line number="161" hits="0" branch="False" />
                <line number="162" hits="0" branch="False" />
                <line number="163" hits="0" branch="False" />
                <line number="164" hits="0" branch="False" />
                <line number="165" hits="61092" branch="False" />
                <line number="166" hits="61092" branch="False" />
              </lines>
            </method>
            <method name="SetSalePrice" signature="(System.Decimal)" line-rate="0.7619" branch-rate="0.8332999999999999" complexity="6">
              <lines>
                <line number="169" hits="61093" branch="False" />
                <line number="170" hits="61093" branch="True" condition-coverage="100% (2/2)">
                  <conditions>
                    <condition number="14" type="jump" coverage="100%" />
                  </conditions>
                </line>
                <line number="171" hits="2" branch="False" />
                <line number="172" hits="2" branch="False" />
                <line number="173" hits="2" branch="False" />
                <line number="174" hits="2" branch="False" />
                <line number="175" hits="2" branch="False" />
                <line number="176" hits="61091" branch="True" condition-coverage="50% (1/2)">
                  <conditions>
                    <condition number="58" type="jump" coverage="50%" />
                  </conditions>
                </line>
                <line number="177" hits="0" branch="False" />
                <line number="178" hits="0" branch="False" />
                <line number="179" hits="0" branch="False" />
                <line number="180" hits="0" branch="False" />
                <line number="181" hits="0" branch="False" />
                <line number="182" hits="61091" branch="True" condition-coverage="100% (2/2)">
                  <conditions>
                    <condition number="154" type="jump" coverage="100%" />
                  </conditions>
                </line>
                <line number="183" hits="2" branch="False" />
                <line number="184" hits="2" branch="False" />
                <line number="185" hits="2" branch="False" />
                <line number="186" hits="2" branch="False" />
                <line number="187" hits="2" branch="False" />
                <line number="188" hits="61089" branch="False" />
                <line number="189" hits="61089" branch="False" />
              </lines>
            </method>
            <method name="SetQuantity" signature="(System.Int32)" line-rate="0.6666" branch-rate="0.75" complexity="4">
              <lines>
                <line number="194" hits="61092" branch="False" />
                <line number="195" hits="61092" branch="True" condition-coverage="100% (2/2)">
                  <conditions>
                    <condition number="7" type="jump" coverage="100%" />
                  </conditions>
                </line>
                <line number="196" hits="2" branch="False" />
                <line number="197" hits="2" branch="False" />
                <line number="198" hits="2" branch="False" />
                <line number="199" hits="2" branch="False" />
                <line number="200" hits="2" branch="False" />
                <line number="201" hits="61090" branch="True" condition-coverage="50% (1/2)">
                  <conditions>
                    <condition number="43" type="jump" coverage="50%" />
                  </conditions>
                </line>
                <line number="202" hits="0" branch="False" />
                <line number="203" hits="0" branch="False" />
                <line number="204" hits="0" branch="False" />
                <line number="205" hits="0" branch="False" />
                <line number="206" hits="0" branch="False" />
                <line number="207" hits="61090" branch="False" />
                <line number="208" hits="61090" branch="False" />
              </lines>
            </method>
            <method name="SetBarcode" signature="(ARM4.Domain.ValueObjects.BarcodeVO)" line-rate="1" branch-rate="1" complexity="1">
              <lines>
                <line number="211" hits="30546" branch="False" />
                <line number="212" hits="30546" branch="False" />
                <line number="213" hits="30546" branch="False" />
              </lines>
            </method>
            <method name="ValidateInvariant" signature="()" line-rate="0.8076000000000001" branch-rate="0.875" complexity="8">
              <lines>
                <line number="215" hits="30542" branch="False" />
                <line number="217" hits="30542" branch="False" />
                <line number="218" hits="30542" branch="False" />
                <line number="219" hits="30542" branch="False" />
                <line number="222" hits="30542" branch="True" condition-coverage="50% (1/2)">
                  <conditions>
                    <condition number="59" type="jump" coverage="50%" />
                  </conditions>
                </line>
                <line number="223" hits="0" branch="False" />
                <line number="224" hits="0" branch="False" />
                <line number="225" hits="0" branch="False" />
                <line number="226" hits="0" branch="False" />
                <line number="227" hits="0" branch="False" />
                <line number="229" hits="30542" branch="False" />
                <line number="230" hits="30542" branch="False" />
                <line number="233" hits="30542" branch="True" condition-coverage="100% (2/2)">
                  <conditions>
                    <condition number="130" type="jump" coverage="100%" />
                  </conditions>
                </line>
                <line number="234" hits="30504" branch="False" />
                <line number="236" hits="30542" branch="False" />
                <line number="237" hits="30542" branch="False" />
                <line number="238" hits="30542" branch="False" />
                <line number="241" hits="30542" branch="False" />
                <line number="242" hits="30542" branch="False" />
                <line number="245" hits="30542" branch="True" condition-coverage="100% (4/4)">
                  <conditions>
                    <condition number="220" type="jump" coverage="100%" />
                    <condition number="236" type="jump" coverage="100%" />
                  </conditions>
                </line>
                <line number="246" hits="1" branch="False" />
                <line number="247" hits="1" branch="False" />
                <line number="248" hits="1" branch="False" />
                <line number="249" hits="1" branch="False" />
                <line number="250" hits="1" branch="False" />
                <line number="251" hits="30541" branch="False" />
              </lines>
            </method>
            <method name="SetSupplier" signature="(System.String)" line-rate="1" branch-rate="1" complexity="4">
              <lines>
                <line number="254" hits="61088" branch="False" />
                <line number="255" hits="61088" branch="True" condition-coverage="100% (4/4)">
                  <conditions>
                    <condition number="2" type="jump" coverage="100%" />
                    <condition number="15" type="jump" coverage="100%" />
                  </conditions>
                </line>
                <line number="256" hits="2" branch="False" />
                <line number="257" hits="2" branch="False" />
                <line number="258" hits="2" branch="False" />
                <line number="259" hits="2" branch="False" />
                <line number="260" hits="2" branch="False" />
                <line number="261" hits="61086" branch="False" />
                <line number="262" hits="61086" branch="False" />
              </lines>
            </method>
            <method name="SetManufacturer" signature="(System.String)" line-rate="1" branch-rate="1" complexity="4">
              <lines>
                <line number="265" hits="61086" branch="False" />
                <line number="266" hits="61086" branch="True" condition-coverage="100% (4/4)">
                  <conditions>
                    <condition number="2" type="jump" coverage="100%" />
                    <condition number="15" type="jump" coverage="100%" />
                  </conditions>
                </line>
                <line number="267" hits="2" branch="False" />
                <line number="268" hits="2" branch="False" />
                <line number="269" hits="2" branch="False" />
                <line number="270" hits="2" branch="False" />
                <line number="271" hits="2" branch="False" />
                <line number="272" hits="61084" branch="False" />
                <line number="273" hits="61084" branch="False" />
              </lines>
            </method>
            <method name="SetProductUnit" signature="(ARM4.Domain.Entities.Product/Unit)" line-rate="1" branch-rate="1" complexity="2">
              <lines>
                <line number="276" hits="61089" branch="False" />
                <line number="277" hits="61089" branch="True" condition-coverage="100% (2/2)">
                  <conditions>
                    <condition number="27" type="jump" coverage="100%" />
                  </conditions>
                </line>
                <line number="278" hits="1" branch="False" />
                <line number="279" hits="1" branch="False" />
                <line number="280" hits="1" branch="False" />
                <line number="281" hits="1" branch="False" />
                <line number="282" hits="1" branch="False" />
                <line number="283" hits="61088" branch="False" />
                <line number="284" hits="61088" branch="False" />
              </lines>
            </method>
            <method name="SetArrivalDate" signature="(System.DateTime)" line-rate="1" branch-rate="1" complexity="2">
              <lines>
                <line number="287" hits="61086" branch="False" />
                <line number="288" hits="61086" branch="True" condition-coverage="100% (2/2)">
                  <conditions>
                    <condition number="18" type="jump" coverage="100%" />
                  </conditions>
                </line>
                <line number="289" hits="1" branch="False" />
                <line number="290" hits="1" branch="False" />
                <line number="291" hits="1" branch="False" />
                <line number="292" hits="1" branch="False" />
                <line number="293" hits="1" branch="False" />
                <line number="294" hits="61085" branch="False" />
                <line number="295" hits="61085" branch="False" />
              </lines>
            </method>
            <method name="SetExpirationDate" signature="(System.Nullable`1&lt;System.DateTime&gt;)" line-rate="1" branch-rate="1" complexity="4">
              <lines>
                <line number="298" hits="61087" branch="False" />
                <line number="299" hits="61087" branch="True" condition-coverage="100% (4/4)">
                  <conditions>
                    <condition number="8" type="jump" coverage="100%" />
                    <condition number="33" type="jump" coverage="100%" />
                  </conditions>
                </line>
                <line number="300" hits="4" branch="False" />
                <line number="301" hits="4" branch="False" />
                <line number="302" hits="4" branch="False" />
                <line number="303" hits="4" branch="False" />
                <line number="304" hits="4" branch="False" />
                <line number="305" hits="61083" branch="False" />
                <line number="306" hits="61083" branch="False" />
              </lines>
            </method>
            <method name="MarkAsDeleted" signature="()" line-rate="0" branch-rate="1" complexity="1">
              <lines>
                <line number="311" hits="0" branch="False" />
              </lines>
            </method>
            <method name="MarkAsArchived" signature="()" line-rate="1" branch-rate="1" complexity="1">
              <lines>
                <line number="316" hits="1" branch="False" />
              </lines>
            </method>
            <method name="IsExpired" signature="()" line-rate="1" branch-rate="0.5" complexity="2">
              <lines>
                <line number="322" hits="3" branch="False" />
                <line number="323" hits="3" branch="True" condition-coverage="50% (1/2)">
                  <conditions>
                    <condition number="12" type="jump" coverage="50%" />
                  </conditions>
                </line>
                <line number="324" hits="3" branch="False" />
              </lines>
            </method>
            <method name="IsAvailable" signature="()" line-rate="1" branch-rate="0.5" complexity="6">
              <lines>
                <line number="330" hits="2" branch="False" />
                <line number="331" hits="2" branch="True" condition-coverage="50% (3/6)">
                  <conditions>
                    <condition number="8" type="jump" coverage="50%" />
                    <condition number="16" type="jump" coverage="50%" />
                    <condition number="24" type="jump" coverage="50%" />
                  </conditions>
                </line>
                <line number="332" hits="2" branch="False" />
              </lines>
            </method>
            <method name="ReduceQuantity" signature="(System.Int32)" line-rate="1" branch-rate="1" complexity="4">
              <lines>
                <line number="340" hits="3" branch="False" />
                <line number="341" hits="3" branch="True" condition-coverage="100% (2/2)">
                  <conditions>
                    <condition number="10" type="jump" coverage="100%" />
                  </conditions>
                </line>
                <line number="342" hits="1" branch="False" />
                <line number="343" hits="1" branch="False" />
                <line number="344" hits="1" branch="False" />
                <line number="345" hits="1" branch="False" />
                <line number="346" hits="1" branch="False" />
                <line number="348" hits="2" branch="True" condition-coverage="100% (2/2)">
                  <conditions>
                    <condition number="47" type="jump" coverage="100%" />
                  </conditions>
                </line>
                <line number="349" hits="1" branch="False" />
                <line number="350" hits="1" branch="False" />
                <line number="351" hits="1" branch="False" />
                <line number="352" hits="1" branch="False" />
                <line number="353" hits="1" branch="False" />
                <line number="355" hits="1" branch="False" />
                <line number="356" hits="1" branch="False" />
              </lines>
            </method>
            <method name="IncreaseQuantity" signature="(System.Int32)" line-rate="1" branch-rate="1" complexity="2">
              <lines>
                <line number="364" hits="2" branch="False" />
                <line number="365" hits="2" branch="True" condition-coverage="100% (2/2)">
                  <conditions>
                    <condition number="10" type="jump" coverage="100%" />
                  </conditions>
                </line>
                <line number="366" hits="1" branch="False" />
                <line number="367" hits="1" branch="False" />
                <line number="368" hits="1" branch="False" />
                <line number="369" hits="1" branch="False" />
                <line number="370" hits="1" branch="False" />
                <line number="371" hits="1" branch="False" />
                <line number="372" hits="1" branch="False" />
              </lines>
            </method>
            <method name="CreateTestProduct" signature="(ARM4.Domain.Common.ITimeProvider)" line-rate="1" branch-rate="1" complexity="1">
              <lines>
                <line number="380" hits="30478" branch="False" />
                <line number="381" hits="30478" branch="False" />
                <line number="382" hits="30478" branch="False" />
                <line number="383" hits="30478" branch="False" />
                <line number="384" hits="30478" branch="False" />
                <line number="385" hits="30478" branch="False" />
                <line number="386" hits="30478" branch="False" />
                <line number="387" hits="30478" branch="False" />
              </lines>
            </method>
            <method name=".ctor" signature="()" line-rate="0.3333" branch-rate="1" complexity="1">
              <lines>
                <line number="31" hits="30552" branch="False" />
                <line number="32" hits="30552" branch="False" />
                <line number="46" hits="30552" branch="False" />
                <line number="51" hits="0" branch="False" />
                <line number="52" hits="0" branch="False" />
                <line number="54" hits="0" branch="False" />
                <line number="55" hits="0" branch="False" />
                <line number="56" hits="0" branch="False" />
                <line number="57" hits="0" branch="False" />
              </lines>
            </method>
            <method name=".ctor" signature="(ARM4.Domain.Builders.ProductBuilder,ARM4.Domain.Common.ITimeProvider)" line-rate="1" branch-rate="1" complexity="8">
              <lines>
                <line number="58" hits="30552" branch="False" />
                <line number="59" hits="30552" branch="False" />
                <line number="60" hits="30552" branch="True" condition-coverage="100% (2/2)">
                  <conditions>
                    <condition number="44" type="jump" coverage="100%" />
                  </conditions>
                </line>
                <line number="62" hits="30552" branch="True" condition-coverage="100% (2/2)">
                  <conditions>
                    <condition number="69" type="jump" coverage="100%" />
                  </conditions>
                </line>
                <line number="63" hits="30552" branch="True" condition-coverage="100% (2/2)">
                  <conditions>
                    <condition number="102" type="jump" coverage="100%" />
                  </conditions>
                </line>
                <line number="65" hits="30552" branch="False" />
                <line number="66" hits="30551" branch="False" />
                <line number="67" hits="30550" branch="False" />
                <line number="68" hits="30549" branch="False" />
                <line number="69" hits="30547" branch="False" />
                <line number="70" hits="30546" branch="False" />
                <line number="71" hits="30546" branch="False" />
                <line number="72" hits="30546" branch="False" />
                <line number="73" hits="30544" branch="False" />
                <line number="74" hits="30542" branch="True" condition-coverage="100% (2/2)">
                  <conditions>
                    <condition number="257" type="jump" coverage="100%" />
                  </conditions>
                </line>
                <line number="75" hits="30542" branch="False" />
                <line number="76" hits="30541" branch="False" />
                <line number="78" hits="30541" branch="False" />
                <line number="79" hits="30541" branch="False" />
                <line number="80" hits="30541" branch="False" />
              </lines>
            </method>
            <method name=".cctor" signature="()" line-rate="0" branch-rate="1" complexity="1">
              <lines>
                <line number="16" hits="0" branch="False" />
                <line number="84" hits="0" branch="False" />
              </lines>
            </method>
          </methods>
          <lines>
            <line number="83" hits="30535" branch="False" />
            <line number="87" hits="30551" branch="False" />
            <line number="88" hits="30551" branch="False" />
            <line number="89" hits="30551" branch="False" />
            <line number="90" hits="30551" branch="False" />
            <line number="91" hits="30551" branch="False" />
            <line number="92" hits="30551" branch="False" />
            <line number="96" hits="28" branch="False" />
            <line number="97" hits="3" branch="False" />
            <line number="98" hits="25" branch="False" />
            <line number="99" hits="2" branch="False" />
            <line number="100" hits="2" branch="False" />
            <line number="101" hits="2" branch="False" />
            <line number="102" hits="5" branch="False" />
            <line number="103" hits="6" branch="False" />
            <line number="104" hits="3" branch="False" />
            <line number="105" hits="3" branch="False" />
            <line number="106" hits="3" branch="False" />
            <line number="107" hits="4" branch="False" />
            <line number="108" hits="3" branch="False" />
            <line number="109" hits="2" branch="False" />
            <line number="110" hits="2" branch="False" />
            <line number="113" hits="0" branch="False" />
            <line number="114" hits="0" branch="False" />
            <line number="118" hits="61097" branch="False" />
            <line number="119" hits="61097" branch="True" condition-coverage="100% (2/2)">
              <conditions>
                <condition number="16" type="jump" coverage="100%" />
              </conditions>
            </line>
            <line number="120" hits="1" branch="False" />
            <line number="121" hits="1" branch="False" />
            <line number="122" hits="1" branch="False" />
            <line number="123" hits="1" branch="False" />
            <line number="124" hits="1" branch="False" />
            <line number="125" hits="61096" branch="True" condition-coverage="100% (2/2)">
              <conditions>
                <condition number="45" type="jump" coverage="100%" />
              </conditions>
            </line>
            <line number="126" hits="3" branch="False" />
            <line number="127" hits="3" branch="False" />
            <line number="128" hits="3" branch="False" />
            <line number="129" hits="3" branch="False" />
            <line number="130" hits="3" branch="False" />
            <line number="131" hits="61093" branch="False" />
            <line number="132" hits="61093" branch="False" />
            <line number="135" hits="61096" branch="False" />
            <line number="136" hits="61096" branch="True" condition-coverage="100% (2/2)">
              <conditions>
                <condition number="16" type="jump" coverage="100%" />
              </conditions>
            </line>
            <line number="137" hits="1" branch="False" />
            <line number="138" hits="1" branch="False" />
            <line number="139" hits="1" branch="False" />
            <line number="140" hits="1" branch="False" />
            <line number="141" hits="1" branch="False" />
            <line number="142" hits="61095" branch="True" condition-coverage="100% (2/2)">
              <conditions>
                <condition number="45" type="jump" coverage="100%" />
              </conditions>
            </line>
            <line number="143" hits="3" branch="False" />
            <line number="144" hits="3" branch="False" />
            <line number="145" hits="3" branch="False" />
            <line number="146" hits="3" branch="False" />
            <line number="147" hits="3" branch="False" />
            <line number="148" hits="61092" branch="False" />
            <line number="149" hits="61092" branch="False" />
            <line number="152" hits="61094" branch="False" />
            <line number="153" hits="61094" branch="True" condition-coverage="100% (2/2)">
              <conditions>
                <condition number="14" type="jump" coverage="100%" />
              </conditions>
            </line>
            <line number="154" hits="2" branch="False" />
            <line number="155" hits="2" branch="False" />
            <line number="156" hits="2" branch="False" />
            <line number="157" hits="2" branch="False" />
            <line number="158" hits="2" branch="False" />
            <line number="159" hits="61092" branch="True" condition-coverage="50% (1/2)">
              <conditions>
                <condition number="58" type="jump" coverage="50%" />
              </conditions>
            </line>
            <line number="160" hits="0" branch="False" />
            <line number="161" hits="0" branch="False" />
            <line number="162" hits="0" branch="False" />
            <line number="163" hits="0" branch="False" />
            <line number="164" hits="0" branch="False" />
            <line number="165" hits="61092" branch="False" />
            <line number="166" hits="61092" branch="False" />
            <line number="169" hits="61093" branch="False" />
            <line number="170" hits="61093" branch="True" condition-coverage="100% (2/2)">
              <conditions>
                <condition number="14" type="jump" coverage="100%" />
              </conditions>
            </line>
            <line number="171" hits="2" branch="False" />
            <line number="172" hits="2" branch="False" />
            <line number="173" hits="2" branch="False" />
            <line number="174" hits="2" branch="False" />
            <line number="175" hits="2" branch="False" />
            <line number="176" hits="61091" branch="True" condition-coverage="50% (1/2)">
              <conditions>
                <condition number="58" type="jump" coverage="50%" />
              </conditions>
            </line>
            <line number="177" hits="0" branch="False" />
            <line number="178" hits="0" branch="False" />
            <line number="179" hits="0" branch="False" />
            <line number="180" hits="0" branch="False" />
            <line number="181" hits="0" branch="False" />
            <line number="182" hits="61091" branch="True" condition-coverage="100% (2/2)">
              <conditions>
                <condition number="154" type="jump" coverage="100%" />
              </conditions>
            </line>
            <line number="183" hits="2" branch="False" />
            <line number="184" hits="2" branch="False" />
            <line number="185" hits="2" branch="False" />
            <line number="186" hits="2" branch="False" />
            <line number="187" hits="2" branch="False" />
            <line number="188" hits="61089" branch="False" />
            <line number="189" hits="61089" branch="False" />
            <line number="194" hits="61092" branch="False" />
            <line number="195" hits="61092" branch="True" condition-coverage="100% (2/2)">
              <conditions>
                <condition number="7" type="jump" coverage="100%" />
              </conditions>
            </line>
            <line number="196" hits="2" branch="False" />
            <line number="197" hits="2" branch="False" />
            <line number="198" hits="2" branch="False" />
            <line number="199" hits="2" branch="False" />
            <line number="200" hits="2" branch="False" />
            <line number="201" hits="61090" branch="True" condition-coverage="50% (1/2)">
              <conditions>
                <condition number="43" type="jump" coverage="50%" />
              </conditions>
            </line>
            <line number="202" hits="0" branch="False" />
            <line number="203" hits="0" branch="False" />
            <line number="204" hits="0" branch="False" />
            <line number="205" hits="0" branch="False" />
            <line number="206" hits="0" branch="False" />
            <line number="207" hits="61090" branch="False" />
            <line number="208" hits="61090" branch="False" />
            <line number="211" hits="30546" branch="False" />
            <line number="212" hits="30546" branch="False" />
            <line number="213" hits="30546" branch="False" />
            <line number="215" hits="30542" branch="False" />
            <line number="217" hits="30542" branch="False" />
            <line number="218" hits="30542" branch="False" />
            <line number="219" hits="30542" branch="False" />
            <line number="222" hits="30542" branch="True" condition-coverage="50% (1/2)">
              <conditions>
                <condition number="59" type="jump" coverage="50%" />
              </conditions>
            </line>
            <line number="223" hits="0" branch="False" />
            <line number="224" hits="0" branch="False" />
            <line number="225" hits="0" branch="False" />
            <line number="226" hits="0" branch="False" />
            <line number="227" hits="0" branch="False" />
            <line number="229" hits="30542" branch="False" />
            <line number="230" hits="30542" branch="False" />
            <line number="233" hits="30542" branch="True" condition-coverage="100% (2/2)">
              <conditions>
                <condition number="130" type="jump" coverage="100%" />
              </conditions>
            </line>
            <line number="234" hits="30504" branch="False" />
            <line number="236" hits="30542" branch="False" />
            <line number="237" hits="30542" branch="False" />
            <line number="238" hits="30542" branch="False" />
            <line number="241" hits="30542" branch="False" />
            <line number="242" hits="30542" branch="False" />
            <line number="245" hits="30542" branch="True" condition-coverage="100% (4/4)">
              <conditions>
                <condition number="220" type="jump" coverage="100%" />
                <condition number="236" type="jump" coverage="100%" />
              </conditions>
            </line>
            <line number="246" hits="1" branch="False" />
            <line number="247" hits="1" branch="False" />
            <line number="248" hits="1" branch="False" />
            <line number="249" hits="1" branch="False" />
            <line number="250" hits="1" branch="False" />
            <line number="251" hits="30541" branch="False" />
            <line number="254" hits="61088" branch="False" />
            <line number="255" hits="61088" branch="True" condition-coverage="100% (4/4)">
              <conditions>
                <condition number="2" type="jump" coverage="100%" />
                <condition number="15" type="jump" coverage="100%" />
              </conditions>
            </line>
            <line number="256" hits="2" branch="False" />
            <line number="257" hits="2" branch="False" />
            <line number="258" hits="2" branch="False" />
            <line number="259" hits="2" branch="False" />
            <line number="260" hits="2" branch="False" />
            <line number="261" hits="61086" branch="False" />
            <line number="262" hits="61086" branch="False" />
            <line number="265" hits="61086" branch="False" />
            <line number="266" hits="61086" branch="True" condition-coverage="100% (4/4)">
              <conditions>
                <condition number="2" type="jump" coverage="100%" />
                <condition number="15" type="jump" coverage="100%" />
              </conditions>
            </line>
            <line number="267" hits="2" branch="False" />
            <line number="268" hits="2" branch="False" />
            <line number="269" hits="2" branch="False" />
            <line number="270" hits="2" branch="False" />
            <line number="271" hits="2" branch="False" />
            <line number="272" hits="61084" branch="False" />
            <line number="273" hits="61084" branch="False" />
            <line number="276" hits="61089" branch="False" />
            <line number="277" hits="61089" branch="True" condition-coverage="100% (2/2)">
              <conditions>
                <condition number="27" type="jump" coverage="100%" />
              </conditions>
            </line>
            <line number="278" hits="1" branch="False" />
            <line number="279" hits="1" branch="False" />
            <line number="280" hits="1" branch="False" />
            <line number="281" hits="1" branch="False" />
            <line number="282" hits="1" branch="False" />
            <line number="283" hits="61088" branch="False" />
            <line number="284" hits="61088" branch="False" />
            <line number="287" hits="61086" branch="False" />
            <line number="288" hits="61086" branch="True" condition-coverage="100% (2/2)">
              <conditions>
                <condition number="18" type="jump" coverage="100%" />
              </conditions>
            </line>
            <line number="289" hits="1" branch="False" />
            <line number="290" hits="1" branch="False" />
            <line number="291" hits="1" branch="False" />
            <line number="292" hits="1" branch="False" />
            <line number="293" hits="1" branch="False" />
            <line number="294" hits="61085" branch="False" />
            <line number="295" hits="61085" branch="False" />
            <line number="298" hits="61087" branch="False" />
            <line number="299" hits="61087" branch="True" condition-coverage="100% (4/4)">
              <conditions>
                <condition number="8" type="jump" coverage="100%" />
                <condition number="33" type="jump" coverage="100%" />
              </conditions>
            </line>
            <line number="300" hits="4" branch="False" />
            <line number="301" hits="4" branch="False" />
            <line number="302" hits="4" branch="False" />
            <line number="303" hits="4" branch="False" />
            <line number="304" hits="4" branch="False" />
            <line number="305" hits="61083" branch="False" />
            <line number="306" hits="61083" branch="False" />
            <line number="311" hits="0" branch="False" />
            <line number="316" hits="1" branch="False" />
            <line number="322" hits="3" branch="False" />
            <line number="323" hits="3" branch="True" condition-coverage="50% (1/2)">
              <conditions>
                <condition number="12" type="jump" coverage="50%" />
              </conditions>
            </line>
            <line number="324" hits="3" branch="False" />
            <line number="330" hits="2" branch="False" />
            <line number="331" hits="2" branch="True" condition-coverage="50% (3/6)">
              <conditions>
                <condition number="8" type="jump" coverage="50%" />
                <condition number="16" type="jump" coverage="50%" />
                <condition number="24" type="jump" coverage="50%" />
              </conditions>
            </line>
            <line number="332" hits="2" branch="False" />
            <line number="340" hits="3" branch="False" />
            <line number="341" hits="3" branch="True" condition-coverage="100% (2/2)">
              <conditions>
                <condition number="10" type="jump" coverage="100%" />
              </conditions>
            </line>
            <line number="342" hits="1" branch="False" />
            <line number="343" hits="1" branch="False" />
            <line number="344" hits="1" branch="False" />
            <line number="345" hits="1" branch="False" />
            <line number="346" hits="1" branch="False" />
            <line number="348" hits="2" branch="True" condition-coverage="100% (2/2)">
              <conditions>
                <condition number="47" type="jump" coverage="100%" />
              </conditions>
            </line>
            <line number="349" hits="1" branch="False" />
            <line number="350" hits="1" branch="False" />
            <line number="351" hits="1" branch="False" />
            <line number="352" hits="1" branch="False" />
            <line number="353" hits="1" branch="False" />
            <line number="355" hits="1" branch="False" />
            <line number="356" hits="1" branch="False" />
            <line number="364" hits="2" branch="False" />
            <line number="365" hits="2" branch="True" condition-coverage="100% (2/2)">
              <conditions>
                <condition number="10" type="jump" coverage="100%" />
              </conditions>
            </line>
            <line number="366" hits="1" branch="False" />
            <line number="367" hits="1" branch="False" />
            <line number="368" hits="1" branch="False" />
            <line number="369" hits="1" branch="False" />
            <line number="370" hits="1" branch="False" />
            <line number="371" hits="1" branch="False" />
            <line number="372" hits="1" branch="False" />
            <line number="380" hits="30478" branch="False" />
            <line number="381" hits="30478" branch="False" />
            <line number="382" hits="30478" branch="False" />
            <line number="383" hits="30478" branch="False" />
            <line number="384" hits="30478" branch="False" />
            <line number="385" hits="30478" branch="False" />
            <line number="386" hits="30478" branch="False" />
            <line number="387" hits="30478" branch="False" />
            <line number="31" hits="30552" branch="False" />
            <line number="32" hits="30552" branch="False" />
            <line number="46" hits="30552" branch="False" />
            <line number="51" hits="0" branch="False" />
            <line number="52" hits="0" branch="False" />
            <line number="54" hits="0" branch="False" />
            <line number="55" hits="0" branch="False" />
            <line number="56" hits="0" branch="False" />
            <line number="57" hits="0" branch="False" />
            <line number="58" hits="30552" branch="False" />
            <line number="59" hits="30552" branch="False" />
            <line number="60" hits="30552" branch="True" condition-coverage="100% (2/2)">
              <conditions>
                <condition number="44" type="jump" coverage="100%" />
              </conditions>
            </line>
            <line number="62" hits="30552" branch="True" condition-coverage="100% (2/2)">
              <conditions>
                <condition number="69" type="jump" coverage="100%" />
              </conditions>
            </line>
            <line number="63" hits="30552" branch="True" condition-coverage="100% (2/2)">
              <conditions>
                <condition number="102" type="jump" coverage="100%" />
              </conditions>
            </line>
            <line number="65" hits="30552" branch="False" />
            <line number="66" hits="30551" branch="False" />
            <line number="67" hits="30550" branch="False" />
            <line number="68" hits="30549" branch="False" />
            <line number="69" hits="30547" branch="False" />
            <line number="70" hits="30546" branch="False" />
            <line number="71" hits="30546" branch="False" />
            <line number="72" hits="30546" branch="False" />
            <line number="73" hits="30544" branch="False" />
            <line number="74" hits="30542" branch="True" condition-coverage="100% (2/2)">
              <conditions>
                <condition number="257" type="jump" coverage="100%" />
              </conditions>
            </line>
            <line number="75" hits="30542" branch="False" />
            <line number="76" hits="30541" branch="False" />
            <line number="78" hits="30541" branch="False" />
            <line number="79" hits="30541" branch="False" />
            <line number="80" hits="30541" branch="False" />
            <line number="16" hits="0" branch="False" />
            <line number="84" hits="0" branch="False" />
          </lines>
        </class>
        <class name="ARM4.Domain.DomainExceptions.ProductDomainException" filename="Domain\domainexceptions\ProductDomainException.cs" line-rate="1" branch-rate="1" complexity="3">
          <methods>
            <method name="get_Code" signature="()" line-rate="1" branch-rate="1" complexity="1">
              <lines>
                <line number="39" hits="20" branch="False" />
              </lines>
            </method>
            <method name="ToLogObject" signature="()" line-rate="1" branch-rate="1" complexity="1">
              <lines>
                <line number="56" hits="1" branch="False" />
                <line number="57" hits="1" branch="False" />
                <line number="58" hits="1" branch="False" />
                <line number="59" hits="1" branch="False" />
                <line number="60" hits="1" branch="False" />
                <line number="61" hits="1" branch="False" />
                <line number="62" hits="1" branch="False" />
                <line number="63" hits="1" branch="False" />
                <line number="64" hits="1" branch="False" />
                <line number="65" hits="1" branch="False" />
              </lines>
            </method>
            <method name=".ctor" signature="(ARM4.Domain.DomainExceptions.ProductErrorCode,System.String,System.String,System.Object,System.Exception)" line-rate="1" branch-rate="1" complexity="1">
              <lines>
                <line number="47" hits="54" branch="False" />
                <line number="48" hits="54" branch="False" />
                <line number="49" hits="54" branch="False" />
                <line number="50" hits="54" branch="False" />
              </lines>
            </method>
          </methods>
          <lines>
            <line number="39" hits="20" branch="False" />
            <line number="56" hits="1" branch="False" />
            <line number="57" hits="1" branch="False" />
            <line number="58" hits="1" branch="False" />
            <line number="59" hits="1" branch="False" />
            <line number="60" hits="1" branch="False" />
            <line number="61" hits="1" branch="False" />
            <line number="62" hits="1" branch="False" />
            <line number="63" hits="1" branch="False" />
            <line number="64" hits="1" branch="False" />
            <line number="65" hits="1" branch="False" />
            <line number="47" hits="54" branch="False" />
            <line number="48" hits="54" branch="False" />
            <line number="49" hits="54" branch="False" />
            <line number="50" hits="54" branch="False" />
          </lines>
        </class>
        <class name="ARM4.Domain.Common.SystemTimeProvider" filename="Domain\common\ITimeProvider.cs" line-rate="1" branch-rate="1" complexity="1">
          <methods>
            <method name="get_UtcNow" signature="()" line-rate="1" branch-rate="1" complexity="1">
              <lines>
                <line number="15" hits="40" branch="False" />
              </lines>
            </method>
          </methods>
          <lines>
            <line number="15" hits="40" branch="False" />
          </lines>
        </class>
        <class name="ARM4.Domain.Common.OperationResult" filename="Domain\common\OperationResult.cs" line-rate="0.6701999999999999" branch-rate="0.6" complexity="48">
          <methods>
            <method name="get_IsSuccess" signature="()" line-rate="1" branch-rate="1" complexity="1">
              <lines>
                <line number="12" hits="48" branch="False" />
              </lines>
            </method>
            <method name="get_Errors" signature="()" line-rate="1" branch-rate="1" complexity="1">
              <lines>
                <line number="15" hits="17" branch="False" />
              </lines>
            </method>
            <method name="get_ErrorCodes" signature="()" line-rate="1" branch-rate="1" complexity="1">
              <lines>
                <line number="18" hits="17" branch="False" />
              </lines>
            </method>
            <method name="AddError" signature="(System.String,System.String)" line-rate="0.65" branch-rate="0.6428" complexity="14">
              <lines>
                <line number="36" hits="14" branch="False" />
                <line number="37" hits="14" branch="True" condition-coverage="100% (2/2)">
                  <conditions>
                    <condition number="9" type="jump" coverage="100%" />
                  </conditions>
                </line>
                <line number="38" hits="0" branch="False" />
                <line number="41" hits="14" branch="True" condition-coverage="100% (2/2)">
                  <conditions>
                    <condition number="33" type="jump" coverage="100%" />
                  </conditions>
                </line>
                <line number="42" hits="13" branch="False" />
                <line number="45" hits="14" branch="True" condition-coverage="75% (3/4)">
                  <conditions>
                    <condition number="54" type="jump" coverage="50%" />
                    <condition number="76" type="jump" coverage="100%" />
                  </conditions>
                </line>
                <line number="46" hits="13" branch="False" />
                <line number="48" hits="14" branch="False" />
                <line number="50" hits="14" branch="True" condition-coverage="50% (1/2)">
                  <conditions>
                    <condition number="110" type="jump" coverage="50%" />
                  </conditions>
                </line>
                <line number="51" hits="0" branch="False" />
                <line number="53" hits="0" branch="True" condition-coverage="0% (0/2)">
                  <conditions>
                    <condition number="134" type="jump" coverage="0%" />
                  </conditions>
                </line>
                <line number="54" hits="0" branch="False" />
                <line number="55" hits="0" branch="False" />
                <line number="56" hits="0" branch="False" />
                <line number="57" hits="0" branch="False" />
                <line number="59" hits="14" branch="False" />
                <line number="61" hits="14" branch="True" condition-coverage="50% (1/2)">
                  <conditions>
                    <condition number="159" type="jump" coverage="50%" />
                  </conditions>
                </line>
                <line number="62" hits="14" branch="False" />
                <line number="63" hits="14" branch="False" />
                <line number="64" hits="14" branch="False" />
              </lines>
            </method>
            <method name="Merge" signature="(ARM4.Domain.Common.OperationResult)" line-rate="1" branch-rate="0.8" complexity="10">
              <lines>
                <line number="66" hits="2" branch="False" />
                <line number="67" hits="2" branch="True" condition-coverage="100% (2/2)">
                  <conditions>
                    <condition number="7" type="jump" coverage="100%" />
                  </conditions>
                </line>
                <line number="70" hits="2" branch="False" />
                <line number="71" hits="8" branch="True" condition-coverage="100% (2/2)">
                  <conditions>
                    <condition number="135" type="jump" coverage="100%" />
                  </conditions>
                </line>
                <line number="72" hits="2" branch="False" />
                <line number="73" hits="2" branch="True" condition-coverage="50% (1/2)">
                  <conditions>
                    <condition number="59" type="jump" coverage="50%" />
                  </conditions>
                </line>
                <line number="74" hits="2" branch="False" />
                <line number="75" hits="2" branch="False" />
                <line number="77" hits="2" branch="True" condition-coverage="50% (1/2)">
                  <conditions>
                    <condition number="93" type="jump" coverage="50%" />
                  </conditions>
                </line>
                <line number="78" hits="2" branch="False" />
                <line number="79" hits="2" branch="False" />
                <line number="82" hits="2" branch="False" />
                <line number="83" hits="2" branch="False" />
                <line number="86" hits="2" branch="True" condition-coverage="100% (2/2)">
                  <conditions>
                    <condition number="150" type="jump" coverage="100%" />
                  </conditions>
                </line>
                <line number="87" hits="2" branch="False" />
                <line number="88" hits="2" branch="False" />
              </lines>
            </method>
            <method name="Success" signature="(Microsoft.Extensions.Logging.ILogger`1&lt;ARM4.Domain.Common.OperationResult&gt;)" line-rate="1" branch-rate="1" complexity="1">
              <lines>
                <line number="91" hits="3" branch="False" />
              </lines>
            </method>
            <method name="Failure" signature="(System.Collections.Generic.IEnumerable`1&lt;System.ValueTuple`2&lt;System.String,System.String&gt;&gt;,Microsoft.Extensions.Logging.ILogger`1&lt;ARM4.Domain.Common.OperationResult&gt;)" line-rate="1" branch-rate="1" complexity="2">
              <lines>
                <line number="94" hits="1" branch="False" />
                <line number="95" hits="1" branch="False" />
                <line number="96" hits="7" branch="True" condition-coverage="100% (2/2)">
                  <conditions>
                    <condition number="53" type="jump" coverage="100%" />
                  </conditions>
                </line>
                <line number="97" hits="2" branch="False" />
                <line number="98" hits="1" branch="False" />
                <line number="99" hits="1" branch="False" />
              </lines>
            </method>
            <method name="Failure" signature="(System.String,System.String,Microsoft.Extensions.Logging.ILogger`1&lt;ARM4.Domain.Common.OperationResult&gt;)" line-rate="1" branch-rate="1" complexity="1">
              <lines>
                <line number="102" hits="5" branch="False" />
                <line number="103" hits="5" branch="False" />
                <line number="104" hits="5" branch="False" />
                <line number="105" hits="5" branch="False" />
                <line number="106" hits="5" branch="False" />
              </lines>
            </method>
            <method name="LogError" signature="(System.String,System.String)" line-rate="0" branch-rate="0" complexity="8">
              <lines>
                <line number="109" hits="0" branch="False" />
                <line number="111" hits="0" branch="False" />
                <line number="112" hits="0" branch="True" condition-coverage="0% (0/2)">
                  <conditions>
                    <condition number="13" type="jump" coverage="0%" />
                  </conditions>
                </line>
                <line number="113" hits="0" branch="False" />
                <line number="114" hits="0" branch="True" condition-coverage="0% (0/2)">
                  <conditions>
                    <condition number="27" type="jump" coverage="0%" />
                  </conditions>
                </line>
                <line number="115" hits="0" branch="False" />
                <line number="117" hits="0" branch="True" condition-coverage="0% (0/2)">
                  <conditions>
                    <condition number="51" type="jump" coverage="0%" />
                  </conditions>
                </line>
                <line number="118" hits="0" branch="False" />
                <line number="119" hits="0" branch="False" />
                <line number="121" hits="0" branch="False" />
                <line number="122" hits="0" branch="True" condition-coverage="0% (0/2)">
                  <conditions>
                    <condition number="85" type="jump" coverage="0%" />
                  </conditions>
                </line>
                <line number="123" hits="0" branch="False" />
                <line number="124" hits="0" branch="False" />
                <line number="125" hits="0" branch="False" />
                <line number="126" hits="0" branch="False" />
                <line number="127" hits="0" branch="False" />
                <line number="128" hits="0" branch="False" />
                <line number="129" hits="0" branch="False" />
                <line number="130" hits="0" branch="False" />
              </lines>
            </method>
            <method name="op_Implicit" signature="(ARM4.Domain.Common.OperationResult)" line-rate="1" branch-rate="1" complexity="1">
              <lines>
                <line number="134" hits="7" branch="False" />
              </lines>
            </method>
            <method name="ToString" signature="()" line-rate="1" branch-rate="0.8332999999999999" complexity="6">
              <lines>
                <line number="137" hits="2" branch="False" />
                <line number="138" hits="3" branch="True" condition-coverage="100% (2/2)">
                  <conditions>
                    <condition number="9" type="jump" coverage="100%" />
                  </conditions>
                </line>
                <line number="140" hits="1" branch="False" />
                <line number="141" hits="1" branch="False" />
                <line number="143" hits="4" branch="True" condition-coverage="100% (2/2)">
                  <conditions>
                    <condition number="183" type="jump" coverage="100%" />
                  </conditions>
                </line>
                <line number="144" hits="1" branch="False" />
                <line number="145" hits="1" branch="True" condition-coverage="50% (1/2)">
                  <conditions>
                    <condition number="57" type="jump" coverage="50%" />
                  </conditions>
                </line>
                <line number="146" hits="1" branch="False" />
                <line number="147" hits="1" branch="False" />
                <line number="149" hits="1" branch="False" />
                <line number="150" hits="2" branch="False" />
              </lines>
            </method>
            <method name=".ctor" signature="(Microsoft.Extensions.Logging.ILogger`1&lt;ARM4.Domain.Common.OperationResult&gt;)" line-rate="0.2857" branch-rate="1" complexity="1">
              <lines>
                <line number="14" hits="13" branch="False" />
                <line number="17" hits="13" branch="False" />
                <line number="23" hits="0" branch="False" />
                <line number="24" hits="0" branch="False" />
                <line number="25" hits="0" branch="False" />
                <line number="26" hits="0" branch="False" />
                <line number="27" hits="0" branch="False" />
              </lines>
            </method>
            <method name=".ctor" signature="(System.Boolean,Microsoft.Extensions.Logging.ILogger`1&lt;ARM4.Domain.Common.OperationResult&gt;)" line-rate="1" branch-rate="1" complexity="1">
              <lines>
                <line number="29" hits="13" branch="False" />
                <line number="30" hits="13" branch="False" />
                <line number="31" hits="13" branch="False" />
                <line number="32" hits="13" branch="False" />
                <line number="33" hits="13" branch="False" />
              </lines>
            </method>
          </methods>
          <lines>
            <line number="12" hits="48" branch="False" />
            <line number="15" hits="17" branch="False" />
            <line number="18" hits="17" branch="False" />
            <line number="36" hits="14" branch="False" />
            <line number="37" hits="14" branch="True" condition-coverage="100% (2/2)">
              <conditions>
                <condition number="9" type="jump" coverage="100%" />
              </conditions>
            </line>
            <line number="38" hits="0" branch="False" />
            <line number="41" hits="14" branch="True" condition-coverage="100% (2/2)">
              <conditions>
                <condition number="33" type="jump" coverage="100%" />
              </conditions>
            </line>
            <line number="42" hits="13" branch="False" />
            <line number="45" hits="14" branch="True" condition-coverage="75% (3/4)">
              <conditions>
                <condition number="54" type="jump" coverage="50%" />
                <condition number="76" type="jump" coverage="100%" />
              </conditions>
            </line>
            <line number="46" hits="13" branch="False" />
            <line number="48" hits="14" branch="False" />
            <line number="50" hits="14" branch="True" condition-coverage="50% (1/2)">
              <conditions>
                <condition number="110" type="jump" coverage="50%" />
              </conditions>
            </line>
            <line number="51" hits="0" branch="False" />
            <line number="53" hits="0" branch="True" condition-coverage="0% (0/2)">
              <conditions>
                <condition number="134" type="jump" coverage="0%" />
              </conditions>
            </line>
            <line number="54" hits="0" branch="False" />
            <line number="55" hits="0" branch="False" />
            <line number="56" hits="0" branch="False" />
            <line number="57" hits="0" branch="False" />
            <line number="59" hits="14" branch="False" />
            <line number="61" hits="14" branch="True" condition-coverage="50% (1/2)">
              <conditions>
                <condition number="159" type="jump" coverage="50%" />
              </conditions>
            </line>
            <line number="62" hits="14" branch="False" />
            <line number="63" hits="14" branch="False" />
            <line number="64" hits="14" branch="False" />
            <line number="66" hits="2" branch="False" />
            <line number="67" hits="2" branch="True" condition-coverage="100% (2/2)">
              <conditions>
                <condition number="7" type="jump" coverage="100%" />
              </conditions>
            </line>
            <line number="70" hits="2" branch="False" />
            <line number="71" hits="8" branch="True" condition-coverage="100% (2/2)">
              <conditions>
                <condition number="135" type="jump" coverage="100%" />
              </conditions>
            </line>
            <line number="72" hits="2" branch="False" />
            <line number="73" hits="2" branch="True" condition-coverage="50% (1/2)">
              <conditions>
                <condition number="59" type="jump" coverage="50%" />
              </conditions>
            </line>
            <line number="74" hits="2" branch="False" />
            <line number="75" hits="2" branch="False" />
            <line number="77" hits="2" branch="True" condition-coverage="50% (1/2)">
              <conditions>
                <condition number="93" type="jump" coverage="50%" />
              </conditions>
            </line>
            <line number="78" hits="2" branch="False" />
            <line number="79" hits="2" branch="False" />
            <line number="82" hits="2" branch="False" />
[...]
                <line number="86" hits="0" branch="False" />
                <line number="87" hits="0" branch="False" />
                <line number="88" hits="0" branch="False" />
                <line number="89" hits="0" branch="False" />
                <line number="91" hits="0" branch="False" />
                <line number="92" hits="0" branch="False" />
                <line number="93" hits="0" branch="False" />
                <line number="94" hits="0" branch="False" />
                <line number="96" hits="0" branch="False" />
              </lines>
            </method>
          </methods>
          <lines>
            <line number="81" hits="0" branch="False" />
            <line number="83" hits="0" branch="False" />
            <line number="84" hits="0" branch="False" />
            <line number="86" hits="0" branch="False" />
            <line number="87" hits="0" branch="False" />
            <line number="88" hits="0" branch="False" />
            <line number="89" hits="0" branch="False" />
            <line number="91" hits="0" branch="False" />
            <line number="92" hits="0" branch="False" />
            <line number="93" hits="0" branch="False" />
            <line number="94" hits="0" branch="False" />
            <line number="96" hits="0" branch="False" />
          </lines>
        </class>
        <class name="ARM4.Infrastructure.Repositories.SafeProductRepositoryDecorator/&lt;GetByNameAsync&gt;d__4" filename="ARM4.1\Repositories\SafeProductRepositoryDecorator.cs" line-rate="0" branch-rate="1" complexity="1">
          <methods>
            <method name="MoveNext" signature="()" line-rate="0" branch-rate="1" complexity="1">
              <lines>
                <line number="45" hits="0" branch="False" />
                <line number="47" hits="0" branch="False" />
                <line number="48" hits="0" branch="False" />
                <line number="50" hits="0" branch="False" />
                <line number="51" hits="0" branch="False" />
                <line number="52" hits="0" branch="False" />
                <line number="53" hits="0" branch="False" />
                <line number="55" hits="0" branch="False" />
                <line number="56" hits="0" branch="False" />
                <line number="57" hits="0" branch="False" />
                <line number="58" hits="0" branch="False" />
                <line number="60" hits="0" branch="False" />
              </lines>
            </method>
          </methods>
          <lines>
            <line number="45" hits="0" branch="False" />
            <line number="47" hits="0" branch="False" />
            <line number="48" hits="0" branch="False" />
            <line number="50" hits="0" branch="False" />
            <line number="51" hits="0" branch="False" />
            <line number="52" hits="0" branch="False" />
            <line number="53" hits="0" branch="False" />
            <line number="55" hits="0" branch="False" />
            <line number="56" hits="0" branch="False" />
            <line number="57" hits="0" branch="False" />
            <line number="58" hits="0" branch="False" />
            <line number="60" hits="0" branch="False" />
          </lines>
        </class>
        <class name="ARM4.Infrastructure.Repositories.SafeProductRepositoryDecorator/&lt;RemoveAsync&gt;d__14" filename="ARM4.1\Repositories\SafeProductRepositoryDecorator.cs" line-rate="0" branch-rate="1" complexity="1">
          <methods>
            <method name="MoveNext" signature="()" line-rate="0" branch-rate="1" complexity="1">
              <lines>
                <line number="229" hits="0" branch="False" />
                <line number="231" hits="0" branch="False" />
                <line number="232" hits="0" branch="False" />
                <line number="233" hits="0" branch="False" />
                <line number="234" hits="0" branch="False" />
                <line number="235" hits="0" branch="False" />
                <line number="236" hits="0" branch="False" />
                <line number="237" hits="0" branch="False" />
                <line number="238" hits="0" branch="False" />
                <line number="239" hits="0" branch="False" />
                <line number="240" hits="0" branch="False" />
                <line number="241" hits="0" branch="False" />
                <line number="242" hits="0" branch="False" />
              </lines>
            </method>
          </methods>
          <lines>
            <line number="229" hits="0" branch="False" />
            <line number="231" hits="0" branch="False" />
            <line number="232" hits="0" branch="False" />
            <line number="233" hits="0" branch="False" />
            <line number="234" hits="0" branch="False" />
            <line number="235" hits="0" branch="False" />
            <line number="236" hits="0" branch="False" />
            <line number="237" hits="0" branch="False" />
            <line number="238" hits="0" branch="False" />
            <line number="239" hits="0" branch="False" />
            <line number="240" hits="0" branch="False" />
            <line number="241" hits="0" branch="False" />
            <line number="242" hits="0" branch="False" />
          </lines>
        </class>
        <class name="ARM4.Infrastructure.Repositories.SafeProductRepositoryDecorator/&lt;RemoveRangeAsync&gt;d__15" filename="ARM4.1\Repositories\SafeProductRepositoryDecorator.cs" line-rate="0" branch-rate="0" complexity="4">
          <methods>
            <method name="MoveNext" signature="()" line-rate="0" branch-rate="0" complexity="4">
              <lines>
                <line number="245" hits="0" branch="False" />
                <line number="247" hits="0" branch="False" />
                <line number="248" hits="0" branch="False" />
                <line number="249" hits="0" branch="False" />
                <line number="250" hits="0" branch="False" />
                <line number="251" hits="0" branch="False" />
                <line number="252" hits="0" branch="True" condition-coverage="0% (0/2)">
                  <conditions>
                    <condition number="194" type="jump" coverage="0%" />
                  </conditions>
                </line>
                <line number="253" hits="0" branch="False" />
                <line number="254" hits="0" branch="False" />
                <line number="255" hits="0" branch="False" />
                <line number="256" hits="0" branch="True" condition-coverage="0% (0/2)">
                  <conditions>
                    <condition number="268" type="jump" coverage="0%" />
                  </conditions>
                </line>
                <line number="257" hits="0" branch="False" />
                <line number="258" hits="0" branch="False" />
              </lines>
            </method>
          </methods>
          <lines>
            <line number="245" hits="0" branch="False" />
            <line number="247" hits="0" branch="False" />
            <line number="248" hits="0" branch="False" />
            <line number="249" hits="0" branch="False" />
            <line number="250" hits="0" branch="False" />
            <line number="251" hits="0" branch="False" />
            <line number="252" hits="0" branch="True" condition-coverage="0% (0/2)">
              <conditions>
                <condition number="194" type="jump" coverage="0%" />
              </conditions>
            </line>
            <line number="253" hits="0" branch="False" />
            <line number="254" hits="0" branch="False" />
            <line number="255" hits="0" branch="False" />
            <line number="256" hits="0" branch="True" condition-coverage="0% (0/2)">
              <conditions>
                <condition number="268" type="jump" coverage="0%" />
              </conditions>
            </line>
            <line number="257" hits="0" branch="False" />
            <line number="258" hits="0" branch="False" />
          </lines>
        </class>
        <class name="ARM4.Infrastructure.Repositories.SafeProductRepositoryDecorator/&lt;SearchAsync&gt;d__9" filename="ARM4.1\Repositories\SafeProductRepositoryDecorator.cs" line-rate="0" branch-rate="1" complexity="1">
          <methods>
            <method name="MoveNext" signature="()" line-rate="0" branch-rate="1" complexity="1">
              <lines>
                <line number="143" hits="0" branch="False" />
                <line number="145" hits="0" branch="False" />
                <line number="146" hits="0" branch="False" />
                <line number="148" hits="0" branch="False" />
                <line number="149" hits="0" branch="False" />
                <line number="150" hits="0" branch="False" />
                <line number="151" hits="0" branch="False" />
                <line number="152" hits="0" branch="False" />
                <line number="153" hits="0" branch="False" />
                <line number="155" hits="0" branch="False" />
                <line number="156" hits="0" branch="False" />
                <line number="157" hits="0" branch="False" />
                <line number="158" hits="0" branch="False" />
                <line number="159" hits="0" branch="False" />
                <line number="160" hits="0" branch="False" />
                <line number="162" hits="0" branch="False" />
              </lines>
            </method>
          </methods>
          <lines>
            <line number="143" hits="0" branch="False" />
            <line number="145" hits="0" branch="False" />
            <line number="146" hits="0" branch="False" />
            <line number="148" hits="0" branch="False" />
            <line number="149" hits="0" branch="False" />
            <line number="150" hits="0" branch="False" />
            <line number="151" hits="0" branch="False" />
            <line number="152" hits="0" branch="False" />
            <line number="153" hits="0" branch="False" />
            <line number="155" hits="0" branch="False" />
            <line number="156" hits="0" branch="False" />
            <line number="157" hits="0" branch="False" />
            <line number="158" hits="0" branch="False" />
            <line number="159" hits="0" branch="False" />
            <line number="160" hits="0" branch="False" />
            <line number="162" hits="0" branch="False" />
          </lines>
        </class>
        <class name="ARM4.Infrastructure.Repositories.SafeProductRepositoryDecorator/&lt;UpdateAsync&gt;d__12" filename="ARM4.1\Repositories\SafeProductRepositoryDecorator.cs" line-rate="0" branch-rate="1" complexity="1">
          <methods>
            <method name="MoveNext" signature="()" line-rate="0" branch-rate="1" complexity="1">
              <lines>
                <line number="197" hits="0" branch="False" />
                <line number="199" hits="0" branch="False" />
                <line number="200" hits="0" branch="False" />
                <line number="201" hits="0" branch="False" />
                <line number="202" hits="0" branch="False" />
                <line number="203" hits="0" branch="False" />
                <line number="204" hits="0" branch="False" />
                <line number="205" hits="0" branch="False" />
                <line number="206" hits="0" branch="False" />
                <line number="207" hits="0" branch="False" />
                <line number="208" hits="0" branch="False" />
                <line number="209" hits="0" branch="False" />
                <line number="210" hits="0" branch="False" />
              </lines>
            </method>
          </methods>
          <lines>
            <line number="197" hits="0" branch="False" />
            <line number="199" hits="0" branch="False" />
            <line number="200" hits="0" branch="False" />
            <line number="201" hits="0" branch="False" />
            <line number="202" hits="0" branch="False" />
            <line number="203" hits="0" branch="False" />
            <line number="204" hits="0" branch="False" />
            <line number="205" hits="0" branch="False" />
            <line number="206" hits="0" branch="False" />
            <line number="207" hits="0" branch="False" />
            <line number="208" hits="0" branch="False" />
            <line number="209" hits="0" branch="False" />
            <line number="210" hits="0" branch="False" />
          </lines>
        </class>
        <class name="ARM4.Infrastructure.Repositories.SafeProductRepositoryDecorator/&lt;UpdateProductsTransactionAsync&gt;d__16" filename="ARM4.1\Repositories\SafeProductRepositoryDecorator.cs" line-rate="0.6666" branch-rate="0.25" complexity="4">
          <methods>
            <method name="MoveNext" signature="()" line-rate="0.6666" branch-rate="0.25" complexity="4">
              <lines>
                <line number="263" hits="2" branch="False" />
                <line number="265" hits="2" branch="False" />
                <line number="266" hits="2" branch="False" />
                <line number="268" hits="1" branch="False" />
                <line number="269" hits="1" branch="False" />
                <line number="270" hits="1" branch="True" condition-coverage="50% (1/2)">
                  <conditions>
                    <condition number="207" type="jump" coverage="50%" />
                  </conditions>
                </line>
                <line number="271" hits="1" branch="False" />
                <line number="273" hits="0" branch="False" />
                <line number="274" hits="0" branch="False" />
                <line number="275" hits="0" branch="True" condition-coverage="0% (0/2)">
                  <conditions>
                    <condition number="297" type="jump" coverage="0%" />
                  </conditions>
                </line>
                <line number="276" hits="0" branch="False" />
                <line number="278" hits="2" branch="False" />
              </lines>
            </method>
          </methods>
          <lines>
            <line number="263" hits="2" branch="False" />
            <line number="265" hits="2" branch="False" />
            <line number="266" hits="2" branch="False" />
            <line number="268" hits="1" branch="False" />
            <line number="269" hits="1" branch="False" />
            <line number="270" hits="1" branch="True" condition-coverage="50% (1/2)">
              <conditions>
                <condition number="207" type="jump" coverage="50%" />
              </conditions>
            </line>
            <line number="271" hits="1" branch="False" />
            <line number="273" hits="0" branch="False" />
            <line number="274" hits="0" branch="False" />
            <line number="275" hits="0" branch="True" condition-coverage="0% (0/2)">
              <conditions>
                <condition number="297" type="jump" coverage="0%" />
              </conditions>
            </line>
            <line number="276" hits="0" branch="False" />
            <line number="278" hits="2" branch="False" />
          </lines>
        </class>
        <class name="ARM4.Infrastructure.Repositories.SafeProductRepositoryDecorator/&lt;UpdateRangeAsync&gt;d__13" filename="ARM4.1\Repositories\SafeProductRepositoryDecorator.cs" line-rate="0" branch-rate="0" complexity="4">
          <methods>
            <method name="MoveNext" signature="()" line-rate="0" branch-rate="0" complexity="4">
              <lines>
                <line number="213" hits="0" branch="False" />
                <line number="215" hits="0" branch="False" />
                <line number="216" hits="0" branch="False" />
                <line number="217" hits="0" branch="False" />
                <line number="218" hits="0" branch="False" />
                <line number="219" hits="0" branch="False" />
                <line number="220" hits="0" branch="True" condition-coverage="0% (0/2)">
                  <conditions>
                    <condition number="194" type="jump" coverage="0%" />
                  </conditions>
                </line>
                <line number="221" hits="0" branch="False" />
                <line number="222" hits="0" branch="False" />
                <line number="223" hits="0" branch="False" />
                <line number="224" hits="0" branch="True" condition-coverage="0% (0/2)">
                  <conditions>
                    <condition number="268" type="jump" coverage="0%" />
                  </conditions>
                </line>
                <line number="225" hits="0" branch="False" />
                <line number="226" hits="0" branch="False" />
              </lines>
            </method>
          </methods>
          <lines>
            <line number="213" hits="0" branch="False" />
            <line number="215" hits="0" branch="False" />
            <line number="216" hits="0" branch="False" />
            <line number="217" hits="0" branch="False" />
            <line number="218" hits="0" branch="False" />
            <line number="219" hits="0" branch="False" />
            <line number="220" hits="0" branch="True" condition-coverage="0% (0/2)">
              <conditions>
                <condition number="194" type="jump" coverage="0%" />
              </conditions>
            </line>
            <line number="221" hits="0" branch="False" />
            <line number="222" hits="0" branch="False" />
            <line number="223" hits="0" branch="False" />
            <line number="224" hits="0" branch="True" condition-coverage="0% (0/2)">
              <conditions>
                <condition number="268" type="jump" coverage="0%" />
              </conditions>
            </line>
            <line number="225" hits="0" branch="False" />
            <line number="226" hits="0" branch="False" />
          </lines>
        </class>
        <class name="ARM4.Infrastructure.Data.ARM4DbContext" filename="ARM4.1\Data\ARM4DbContext.cs" line-rate="0.6666" branch-rate="1" complexity="3">
          <methods>
            <method name="get_Products" signature="()" line-rate="1" branch-rate="1" complexity="1">
              <lines>
                <line number="10" hits="245" branch="False" />
              </lines>
            </method>
            <method name="OnModelCreating" signature="(Microsoft.EntityFrameworkCore.ModelBuilder)" line-rate="0.5" branch-rate="1" complexity="1">
              <lines>
                <line number="14" hits="101" branch="False" />
                <line number="15" hits="101" branch="False" />
                <line number="16" hits="0" branch="False" />
                <line number="17" hits="0" branch="False" />
              </lines>
            </method>
            <method name=".ctor" signature="(Microsoft.EntityFrameworkCore.DbContextOptions`1&lt;ARM4.Infrastructure.Data.ARM4DbContext&gt;)" line-rate="1" branch-rate="1" complexity="1">
              <lines>
                <line number="8" hits="450" branch="False" />
              </lines>
            </method>
          </methods>
          <lines>
            <line number="10" hits="245" branch="False" />
            <line number="14" hits="101" branch="False" />
            <line number="15" hits="101" branch="False" />
            <line number="16" hits="0" branch="False" />
            <line number="17" hits="0" branch="False" />
            <line number="8" hits="450" branch="False" />
          </lines>
        </class>
      </classes>
    </package>
  </packages>
</coverage>